android/app/build/intermediates/manifest_merge_blame_file/release/manifest-merger-blame-release-report.txt
1<?xml version="1.0" encoding="utf-8"?>
2<manifest xmlns:android="http://schemas.android.com/apk/res/android"
3    package="com.skripsikupon"
4    android:versionCode="1"
5    android:versionName="1.0" >
6
7    <uses-sdk
8        android:minSdkVersion="26"
9        android:targetSdkVersion="34" />
10
11    <uses-permission android:name="android.permission.INTERNET" />
11-->src\main\AndroidManifest.xml:4:5-67
11-->src\main\AndroidManifest.xml:4:22-64
12    <uses-permission android:name="android.permission.CAMERA" />
12-->src\main\AndroidManifest.xml:5:5-65
12-->src\main\AndroidManifest.xml:5:22-62
13    <uses-permission android:name="android.permission.POST_NOTIFICATIONS" />
13-->src\main\AndroidManifest.xml:6:5-77
13-->src\main\AndroidManifest.xml:6:22-74
14    <uses-permission android:name="android.permission.READ_EXTERNAL_STORAGE" />
14-->src\main\AndroidManifest.xml:7:5-80
14-->src\main\AndroidManifest.xml:7:22-77
15    <uses-permission android:name="android.permission.WRITE_EXTERNAL_STORAGE" />
15-->src\main\AndroidManifest.xml:8:5-81
15-->src\main\AndroidManifest.xml:8:22-78
16    <uses-permission android:name="android.permission.RECORD_AUDIO" />
16-->src\main\AndroidManifest.xml:9:5-70
16-->src\main\AndroidManifest.xml:9:22-68
17
18    <uses-feature
18-->[:react-native-camera] AndroidManifest.xml:9:5-11:36
19        android:name="android.hardware.camera"
19-->[:react-native-camera] AndroidManifest.xml:10:9-47
20        android:required="false" />
20-->[:react-native-camera] AndroidManifest.xml:11:9-33
21    <uses-feature
21-->[:react-native-camera] AndroidManifest.xml:12:5-14:36
22        android:name="android.hardware.camera.autofocus"
22-->[:react-native-camera] AndroidManifest.xml:13:9-57
23        android:required="false" />
23-->[:react-native-camera] AndroidManifest.xml:14:9-33
24
25    <uses-permission android:name="android.permission.WAKE_LOCK" />
25-->[:react-native-firebase_messaging] AndroidManifest.xml:8:5-68
25-->[:react-native-firebase_messaging] AndroidManifest.xml:8:22-65
26    <uses-permission android:name="android.permission.ACCESS_NETWORK_STATE" /> <!-- Required by older versions of Google Play services to create IID tokens -->
26-->[:react-native-firebase_messaging] AndroidManifest.xml:9:5-79
26-->[:react-native-firebase_messaging] AndroidManifest.xml:9:22-76
27    <uses-permission android:name="com.google.android.c2dm.permission.RECEIVE" /> <!-- Samsung -->
27-->[com.google.firebase:firebase-messaging:24.0.0] AndroidManifest.xml:26:5-82
27-->[com.google.firebase:firebase-messaging:24.0.0] AndroidManifest.xml:26:22-79
28    <uses-permission android:name="com.sec.android.provider.badge.BadgeProvider" />
28-->[:react-native-app-badge] AndroidManifest.xml:7:5-84
28-->[:react-native-app-badge] AndroidManifest.xml:7:22-81
29    <uses-permission android:name="com.sec.android.provider.badge.permission.READ" />
29-->[:react-native-app-badge] AndroidManifest.xml:8:5-86
29-->[:react-native-app-badge] AndroidManifest.xml:8:22-83
30    <uses-permission android:name="com.sec.android.provider.badge.permission.WRITE" /> <!-- HTC -->
30-->[:react-native-app-badge] AndroidManifest.xml:9:5-87
30-->[:react-native-app-badge] AndroidManifest.xml:9:22-84
31    <uses-permission android:name="com.htc.launcher.permission.READ_SETTINGS" />
31-->[:react-native-app-badge] AndroidManifest.xml:11:5-81
31-->[:react-native-app-badge] AndroidManifest.xml:11:22-78
32    <uses-permission android:name="com.htc.launcher.permission.UPDATE_SHORTCUT" /> <!-- Sony -->
32-->[:react-native-app-badge] AndroidManifest.xml:12:5-83
32-->[:react-native-app-badge] AndroidManifest.xml:12:22-80
33    <uses-permission android:name="com.sonyericsson.home.permission.BROADCAST_BADGE" />
33-->[:react-native-app-badge] AndroidManifest.xml:14:5-88
33-->[:react-native-app-badge] AndroidManifest.xml:14:22-85
34    <uses-permission android:name="com.sonymobile.home.permission.PROVIDER_INSERT_BADGE" /> <!-- Apex -->
34-->[:react-native-app-badge] AndroidManifest.xml:15:5-92
34-->[:react-native-app-badge] AndroidManifest.xml:15:22-89
35    <uses-permission android:name="com.anddoes.launcher.permission.UPDATE_COUNT" /> <!-- Solid -->
35-->[:react-native-app-badge] AndroidManifest.xml:17:5-84
35-->[:react-native-app-badge] AndroidManifest.xml:17:22-81
36    <uses-permission android:name="com.majeur.launcher.permission.UPDATE_BADGE" /> <!-- Huawei -->
36-->[:react-native-app-badge] AndroidManifest.xml:19:5-83
36-->[:react-native-app-badge] AndroidManifest.xml:19:22-80
37    <uses-permission android:name="com.huawei.android.launcher.permission.CHANGE_BADGE" />
37-->[:react-native-app-badge] AndroidManifest.xml:21:5-91
37-->[:react-native-app-badge] AndroidManifest.xml:21:22-88
38    <uses-permission android:name="com.huawei.android.launcher.permission.READ_SETTINGS" />
38-->[:react-native-app-badge] AndroidManifest.xml:22:5-92
38-->[:react-native-app-badge] AndroidManifest.xml:22:22-89
39    <uses-permission android:name="com.huawei.android.launcher.permission.WRITE_SETTINGS" /> <!-- ZUK -->
39-->[:react-native-app-badge] AndroidManifest.xml:23:5-93
39-->[:react-native-app-badge] AndroidManifest.xml:23:22-90
40    <uses-permission android:name="android.permission.READ_APP_BADGE" /> <!-- OPPO -->
40-->[:react-native-app-badge] AndroidManifest.xml:25:5-73
40-->[:react-native-app-badge] AndroidManifest.xml:25:22-70
41    <uses-permission android:name="com.oppo.launcher.permission.READ_SETTINGS" />
41-->[:react-native-app-badge] AndroidManifest.xml:27:5-82
41-->[:react-native-app-badge] AndroidManifest.xml:27:22-79
42    <uses-permission android:name="com.oppo.launcher.permission.WRITE_SETTINGS" /> <!-- EvMe -->
42-->[:react-native-app-badge] AndroidManifest.xml:28:5-83
42-->[:react-native-app-badge] AndroidManifest.xml:28:22-80
43    <uses-permission android:name="me.everything.badger.permission.BADGE_COUNT_READ" />
43-->[:react-native-app-badge] AndroidManifest.xml:30:5-88
43-->[:react-native-app-badge] AndroidManifest.xml:30:22-85
44    <uses-permission android:name="me.everything.badger.permission.BADGE_COUNT_WRITE" />
44-->[:react-native-app-badge] AndroidManifest.xml:31:5-89
44-->[:react-native-app-badge] AndroidManifest.xml:31:22-86
45
46    <permission
46-->[androidx.core:core:1.9.0] AndroidManifest.xml:22:5-24:47
47        android:name="com.skripsikupon.DYNAMIC_RECEIVER_NOT_EXPORTED_PERMISSION"
47-->[androidx.core:core:1.9.0] AndroidManifest.xml:23:9-81
48        android:protectionLevel="signature" />
48-->[androidx.core:core:1.9.0] AndroidManifest.xml:24:9-44
49
50    <uses-permission android:name="com.skripsikupon.DYNAMIC_RECEIVER_NOT_EXPORTED_PERMISSION" />
50-->[androidx.core:core:1.9.0] AndroidManifest.xml:26:5-97
50-->[androidx.core:core:1.9.0] AndroidManifest.xml:26:22-94
51
52    <application
52-->src\main\AndroidManifest.xml:11:5-54:19
53        android:name="com.skripsikupon.MainApplication"
53-->src\main\AndroidManifest.xml:12:9-40
54        android:allowBackup="false"
54-->src\main\AndroidManifest.xml:16:9-36
55        android:appComponentFactory="androidx.core.app.CoreComponentFactory"
55-->[androidx.core:core:1.9.0] AndroidManifest.xml:28:18-86
56        android:extractNativeLibs="false"
57        android:icon="@mipmap/ic_launcher"
57-->src\main\AndroidManifest.xml:14:9-43
58        android:label="@string/app_name"
58-->src\main\AndroidManifest.xml:13:9-41
59        android:roundIcon="@mipmap/ic_launcher_round"
59-->src\main\AndroidManifest.xml:15:9-54
60        android:theme="@style/AppTheme" >
60-->src\main\AndroidManifest.xml:17:9-40
61
62        <!-- FCM Service -->
63        <service
63-->src\main\AndroidManifest.xml:20:9-27:19
64            android:name="com.google.firebase.messaging.FirebaseMessagingService"
64-->src\main\AndroidManifest.xml:21:13-82
65            android:directBootAware="true"
65-->[com.google.firebase:firebase-messaging:24.0.0] AndroidManifest.xml:48:13-43
66            android:exported="true" >
66-->src\main\AndroidManifest.xml:22:13-36
67            <intent-filter>
67-->src\main\AndroidManifest.xml:24:13-26:29
68                <action android:name="com.google.firebase.MESSAGING_EVENT" />
68-->src\main\AndroidManifest.xml:25:17-78
68-->src\main\AndroidManifest.xml:25:25-75
69            </intent-filter>
70            <intent-filter android:priority="-500" >
70-->src\main\AndroidManifest.xml:24:13-26:29
71                <action android:name="com.google.firebase.MESSAGING_EVENT" />
71-->src\main\AndroidManifest.xml:25:17-78
71-->src\main\AndroidManifest.xml:25:25-75
72            </intent-filter>
73        </service>
74
75        <!-- Your existing activity declarations -->
76        <activity
76-->src\main\AndroidManifest.xml:30:9-41:20
77            android:name="com.skripsikupon.MainActivity"
77-->src\main\AndroidManifest.xml:31:13-41
78            android:configChanges="keyboard|keyboardHidden|orientation|screenLayout|screenSize|smallestScreenSize|uiMode"
78-->src\main\AndroidManifest.xml:33:13-122
79            android:exported="true"
79-->src\main\AndroidManifest.xml:36:13-36
80            android:label="@string/app_name"
80-->src\main\AndroidManifest.xml:32:13-45
81            android:launchMode="singleTask"
81-->src\main\AndroidManifest.xml:34:13-44
82            android:windowSoftInputMode="adjustResize" >
82-->src\main\AndroidManifest.xml:35:13-55
83            <intent-filter>
83-->src\main\AndroidManifest.xml:37:13-40:29
84                <action android:name="android.intent.action.MAIN" />
84-->src\main\AndroidManifest.xml:38:17-69
84-->src\main\AndroidManifest.xml:38:25-66
85
86                <category android:name="android.intent.category.LAUNCHER" />
86-->src\main\AndroidManifest.xml:39:17-77
86-->src\main\AndroidManifest.xml:39:27-74
87            </intent-filter>
88        </activity>
89
90        <!-- Optional: Add a receiver for notification badges if needed (vendor-specific) -->
91        <!-- Example for Samsung devices (use if applicable) -->
92        <receiver
92-->src\main\AndroidManifest.xml:45:9-51:20
93            android:name="com.samsung.android.sdk.breeze.notification.BadgeReceiver"
93-->src\main\AndroidManifest.xml:46:13-85
94            android:exported="true" >
94-->src\main\AndroidManifest.xml:47:13-36
95            <intent-filter>
95-->src\main\AndroidManifest.xml:48:13-50:29
96                <action android:name="com.samsung.android.breeze.badge.UPDATE_BADGE" />
96-->src\main\AndroidManifest.xml:49:17-88
96-->src\main\AndroidManifest.xml:49:25-85
97            </intent-filter>
98        </receiver>
99
100        <!-- Optional: Add any other receivers or services needed for badge support -->
101        <service
101-->[:react-native-firebase_messaging] AndroidManifest.xml:12:9-14:40
102            android:name="io.invertase.firebase.messaging.ReactNativeFirebaseMessagingHeadlessService"
102-->[:react-native-firebase_messaging] AndroidManifest.xml:13:13-103
103            android:exported="false" />
103-->[:react-native-firebase_messaging] AndroidManifest.xml:14:13-37
104        <service
104-->[:react-native-firebase_messaging] AndroidManifest.xml:15:9-21:19
105            android:name="io.invertase.firebase.messaging.ReactNativeFirebaseMessagingService"
105-->[:react-native-firebase_messaging] AndroidManifest.xml:16:13-95
106            android:exported="false" >
106-->[:react-native-firebase_messaging] AndroidManifest.xml:17:13-37
107            <intent-filter>
107-->src\main\AndroidManifest.xml:24:13-26:29
108                <action android:name="com.google.firebase.MESSAGING_EVENT" />
108-->src\main\AndroidManifest.xml:25:17-78
108-->src\main\AndroidManifest.xml:25:25-75
109            </intent-filter>
110        </service>
111
112        <receiver
112-->[:react-native-firebase_messaging] AndroidManifest.xml:23:9-30:20
113            android:name="io.invertase.firebase.messaging.ReactNativeFirebaseMessagingReceiver"
113-->[:react-native-firebase_messaging] AndroidManifest.xml:24:13-96
114            android:exported="true"
114-->[:react-native-firebase_messaging] AndroidManifest.xml:25:13-36
115            android:permission="com.google.android.c2dm.permission.SEND" >
115-->[:react-native-firebase_messaging] AndroidManifest.xml:26:13-73
116            <intent-filter>
116-->[:react-native-firebase_messaging] AndroidManifest.xml:27:13-29:29
117                <action android:name="com.google.android.c2dm.intent.RECEIVE" />
117-->[:react-native-firebase_messaging] AndroidManifest.xml:28:17-81
117-->[:react-native-firebase_messaging] AndroidManifest.xml:28:25-78
118            </intent-filter>
119        </receiver>
120
121        <meta-data
121-->[:react-native-firebase_messaging] AndroidManifest.xml:32:9-34:36
122            android:name="firebase_messaging_auto_init_enabled"
122-->[:react-native-firebase_messaging] AndroidManifest.xml:33:13-64
123            android:value="true" />
123-->[:react-native-firebase_messaging] AndroidManifest.xml:34:13-33
124        <meta-data
124-->[:react-native-firebase_messaging] AndroidManifest.xml:35:9-37:32
125            android:name="com.google.firebase.messaging.default_notification_channel_id"
125-->[:react-native-firebase_messaging] AndroidManifest.xml:36:13-89
126            android:value="" />
126-->[:react-native-firebase_messaging] AndroidManifest.xml:37:13-29
127        <meta-data
127-->[:react-native-firebase_messaging] AndroidManifest.xml:38:9-40:47
128            android:name="com.google.firebase.messaging.default_notification_color"
128-->[:react-native-firebase_messaging] AndroidManifest.xml:39:13-84
129            android:resource="@color/white" />
129-->[:react-native-firebase_messaging] AndroidManifest.xml:40:13-44
130        <meta-data
130-->[:react-native-firebase_app] AndroidManifest.xml:9:9-11:36
131            android:name="app_data_collection_default_enabled"
131-->[:react-native-firebase_app] AndroidManifest.xml:10:13-63
132            android:value="true" />
132-->[:react-native-firebase_app] AndroidManifest.xml:11:13-33
133
134        <service
134-->[:react-native-firebase_app] AndroidManifest.xml:13:9-21:19
135            android:name="com.google.firebase.components.ComponentDiscoveryService"
135-->[:react-native-firebase_app] AndroidManifest.xml:14:13-84
136            android:directBootAware="true"
136-->[:react-native-firebase_app] AndroidManifest.xml:15:13-43
137            android:exported="false" >
137-->[:react-native-firebase_app] AndroidManifest.xml:16:13-37
138            <meta-data
138-->[:react-native-firebase_app] AndroidManifest.xml:18:13-20:85
139                android:name="com.google.firebase.components:io.invertase.firebase.app.ReactNativeFirebaseAppRegistrar"
139-->[:react-native-firebase_app] AndroidManifest.xml:19:17-120
140                android:value="com.google.firebase.components.ComponentRegistrar" />
140-->[:react-native-firebase_app] AndroidManifest.xml:20:17-82
141            <meta-data
141-->[com.google.firebase:firebase-messaging:24.0.0] AndroidManifest.xml:57:13-59:85
142                android:name="com.google.firebase.components:com.google.firebase.messaging.FirebaseMessagingKtxRegistrar"
142-->[com.google.firebase:firebase-messaging:24.0.0] AndroidManifest.xml:58:17-122
143                android:value="com.google.firebase.components.ComponentRegistrar" />
143-->[com.google.firebase:firebase-messaging:24.0.0] AndroidManifest.xml:59:17-82
144            <meta-data
144-->[com.google.firebase:firebase-messaging:24.0.0] AndroidManifest.xml:60:13-62:85
145                android:name="com.google.firebase.components:com.google.firebase.messaging.FirebaseMessagingRegistrar"
145-->[com.google.firebase:firebase-messaging:24.0.0] AndroidManifest.xml:61:17-119
146                android:value="com.google.firebase.components.ComponentRegistrar" />
146-->[com.google.firebase:firebase-messaging:24.0.0] AndroidManifest.xml:62:17-82
147            <meta-data
147-->[com.google.firebase:firebase-installations:18.0.0] AndroidManifest.xml:15:13-17:85
148                android:name="com.google.firebase.components:com.google.firebase.installations.FirebaseInstallationsKtxRegistrar"
148-->[com.google.firebase:firebase-installations:18.0.0] AndroidManifest.xml:16:17-130
149                android:value="com.google.firebase.components.ComponentRegistrar" />
149-->[com.google.firebase:firebase-installations:18.0.0] AndroidManifest.xml:17:17-82
150            <meta-data
150-->[com.google.firebase:firebase-installations:18.0.0] AndroidManifest.xml:18:13-20:85
151                android:name="com.google.firebase.components:com.google.firebase.installations.FirebaseInstallationsRegistrar"
151-->[com.google.firebase:firebase-installations:18.0.0] AndroidManifest.xml:19:17-127
152                android:value="com.google.firebase.components.ComponentRegistrar" />
152-->[com.google.firebase:firebase-installations:18.0.0] AndroidManifest.xml:20:17-82
153            <meta-data
153-->[com.google.firebase:firebase-common-ktx:21.0.0] AndroidManifest.xml:12:13-14:85
154                android:name="com.google.firebase.components:com.google.firebase.ktx.FirebaseCommonLegacyRegistrar"
154-->[com.google.firebase:firebase-common-ktx:21.0.0] AndroidManifest.xml:13:17-116
155                android:value="com.google.firebase.components.ComponentRegistrar" />
155-->[com.google.firebase:firebase-common-ktx:21.0.0] AndroidManifest.xml:14:17-82
156            <meta-data
156-->[com.google.firebase:firebase-common:21.0.0] AndroidManifest.xml:35:13-37:85
157                android:name="com.google.firebase.components:com.google.firebase.FirebaseCommonKtxRegistrar"
157-->[com.google.firebase:firebase-common:21.0.0] AndroidManifest.xml:36:17-109
158                android:value="com.google.firebase.components.ComponentRegistrar" />
158-->[com.google.firebase:firebase-common:21.0.0] AndroidManifest.xml:37:17-82
159            <meta-data
159-->[com.google.firebase:firebase-datatransport:18.2.0] AndroidManifest.xml:25:13-27:85
160                android:name="com.google.firebase.components:com.google.firebase.datatransport.TransportRegistrar"
160-->[com.google.firebase:firebase-datatransport:18.2.0] AndroidManifest.xml:26:17-115
161                android:value="com.google.firebase.components.ComponentRegistrar" />
161-->[com.google.firebase:firebase-datatransport:18.2.0] AndroidManifest.xml:27:17-82
162        </service>
163
164        <provider
164-->[:react-native-firebase_app] AndroidManifest.xml:23:9-27:38
165            android:name="io.invertase.firebase.app.ReactNativeFirebaseAppInitProvider"
165-->[:react-native-firebase_app] AndroidManifest.xml:24:13-88
166            android:authorities="com.skripsikupon.reactnativefirebaseappinitprovider"
166-->[:react-native-firebase_app] AndroidManifest.xml:25:13-86
167            android:exported="false"
167-->[:react-native-firebase_app] AndroidManifest.xml:26:13-37
168            android:initOrder="99" />
168-->[:react-native-firebase_app] AndroidManifest.xml:27:13-35
169        <provider
169-->[:react-native-webview] AndroidManifest.xml:8:9-16:20
170            android:name="com.reactnativecommunity.webview.RNCWebViewFileProvider"
170-->[:react-native-webview] AndroidManifest.xml:9:13-83
171            android:authorities="com.skripsikupon.fileprovider"
171-->[:react-native-webview] AndroidManifest.xml:10:13-64
172            android:exported="false"
172-->[:react-native-webview] AndroidManifest.xml:11:13-37
173            android:grantUriPermissions="true" >
173-->[:react-native-webview] AndroidManifest.xml:12:13-47
174            <meta-data
174-->[:react-native-webview] AndroidManifest.xml:13:13-15:63
175                android:name="android.support.FILE_PROVIDER_PATHS"
175-->[:react-native-webview] AndroidManifest.xml:14:17-67
176                android:resource="@xml/file_provider_paths" />
176-->[:react-native-webview] AndroidManifest.xml:15:17-60
177        </provider>
178
179        <receiver
179-->[com.google.firebase:firebase-messaging:24.0.0] AndroidManifest.xml:29:9-40:20
180            android:name="com.google.firebase.iid.FirebaseInstanceIdReceiver"
180-->[com.google.firebase:firebase-messaging:24.0.0] AndroidManifest.xml:30:13-78
181            android:exported="true"
181-->[com.google.firebase:firebase-messaging:24.0.0] AndroidManifest.xml:31:13-36
182            android:permission="com.google.android.c2dm.permission.SEND" >
182-->[com.google.firebase:firebase-messaging:24.0.0] AndroidManifest.xml:32:13-73
183            <intent-filter>
183-->[:react-native-firebase_messaging] AndroidManifest.xml:27:13-29:29
184                <action android:name="com.google.android.c2dm.intent.RECEIVE" />
184-->[:react-native-firebase_messaging] AndroidManifest.xml:28:17-81
184-->[:react-native-firebase_messaging] AndroidManifest.xml:28:25-78
185            </intent-filter>
186
187            <meta-data
187-->[com.google.firebase:firebase-messaging:24.0.0] AndroidManifest.xml:37:13-39:40
188                android:name="com.google.android.gms.cloudmessaging.FINISHED_AFTER_HANDLED"
188-->[com.google.firebase:firebase-messaging:24.0.0] AndroidManifest.xml:38:17-92
189                android:value="true" />
189-->[com.google.firebase:firebase-messaging:24.0.0] AndroidManifest.xml:39:17-37
190        </receiver>
191
192        <provider
192-->[com.google.firebase:firebase-common:21.0.0] AndroidManifest.xml:23:9-28:39
193            android:name="com.google.firebase.provider.FirebaseInitProvider"
193-->[com.google.firebase:firebase-common:21.0.0] AndroidManifest.xml:24:13-77
194            android:authorities="com.skripsikupon.firebaseinitprovider"
194-->[com.google.firebase:firebase-common:21.0.0] AndroidManifest.xml:25:13-72
195            android:directBootAware="true"
195-->[com.google.firebase:firebase-common:21.0.0] AndroidManifest.xml:26:13-43
196            android:exported="false"
196-->[com.google.firebase:firebase-common:21.0.0] AndroidManifest.xml:27:13-37
197            android:initOrder="100" />
197-->[com.google.firebase:firebase-common:21.0.0] AndroidManifest.xml:28:13-36
198
199        <activity
199-->[com.google.android.gms:play-services-auth:21.2.0] AndroidManifest.xml:23:9-27:75
200            android:name="com.google.android.gms.auth.api.signin.internal.SignInHubActivity"
200-->[com.google.android.gms:play-services-auth:21.2.0] AndroidManifest.xml:24:13-93
201            android:excludeFromRecents="true"
201-->[com.google.android.gms:play-services-auth:21.2.0] AndroidManifest.xml:25:13-46
202            android:exported="false"
202-->[com.google.android.gms:play-services-auth:21.2.0] AndroidManifest.xml:26:13-37
203            android:theme="@android:style/Theme.Translucent.NoTitleBar" />
203-->[com.google.android.gms:play-services-auth:21.2.0] AndroidManifest.xml:27:13-72
204        <!--
205            Service handling Google Sign-In user revocation. For apps that do not integrate with
206            Google Sign-In, this service will never be started.
207        -->
208        <service
208-->[com.google.android.gms:play-services-auth:21.2.0] AndroidManifest.xml:33:9-37:51
209            android:name="com.google.android.gms.auth.api.signin.RevocationBoundService"
209-->[com.google.android.gms:play-services-auth:21.2.0] AndroidManifest.xml:34:13-89
210            android:exported="true"
210-->[com.google.android.gms:play-services-auth:21.2.0] AndroidManifest.xml:35:13-36
211            android:permission="com.google.android.gms.auth.api.signin.permission.REVOCATION_NOTIFICATION"
211-->[com.google.android.gms:play-services-auth:21.2.0] AndroidManifest.xml:36:13-107
212            android:visibleToInstantApps="true" />
212-->[com.google.android.gms:play-services-auth:21.2.0] AndroidManifest.xml:37:13-48
213        <service
213-->[com.google.android.gms:play-services-mlkit-barcode-scanning:16.2.0] AndroidManifest.xml:9:9-15:19
214            android:name="com.google.mlkit.common.internal.MlKitComponentDiscoveryService"
214-->[com.google.android.gms:play-services-mlkit-barcode-scanning:16.2.0] AndroidManifest.xml:10:13-91
215            android:directBootAware="true"
215-->[com.google.mlkit:common:17.2.0] AndroidManifest.xml:17:13-43
216            android:exported="false" >
216-->[com.google.android.gms:play-services-mlkit-barcode-scanning:16.2.0] AndroidManifest.xml:11:13-37
217            <meta-data
217-->[com.google.android.gms:play-services-mlkit-barcode-scanning:16.2.0] AndroidManifest.xml:12:13-14:85
218                android:name="com.google.firebase.components:com.google.mlkit.vision.barcode.internal.BarcodeRegistrar"
218-->[com.google.android.gms:play-services-mlkit-barcode-scanning:16.2.0] AndroidManifest.xml:13:17-120
219                android:value="com.google.firebase.components.ComponentRegistrar" />
219-->[com.google.android.gms:play-services-mlkit-barcode-scanning:16.2.0] AndroidManifest.xml:14:17-82
220            <meta-data
220-->[com.google.android.gms:play-services-mlkit-face-detection:16.2.0] AndroidManifest.xml:12:13-14:85
221                android:name="com.google.firebase.components:com.google.mlkit.vision.face.internal.FaceRegistrar"
221-->[com.google.android.gms:play-services-mlkit-face-detection:16.2.0] AndroidManifest.xml:13:17-114
222                android:value="com.google.firebase.components.ComponentRegistrar" />
222-->[com.google.android.gms:play-services-mlkit-face-detection:16.2.0] AndroidManifest.xml:14:17-82
223            <meta-data
223-->[com.google.android.gms:play-services-mlkit-text-recognition:16.3.0] AndroidManifest.xml:12:13-14:85
224                android:name="com.google.firebase.components:com.google.mlkit.vision.text.internal.TextRegistrar"
224-->[com.google.android.gms:play-services-mlkit-text-recognition:16.3.0] AndroidManifest.xml:13:17-114
225                android:value="com.google.firebase.components.ComponentRegistrar" />
225-->[com.google.android.gms:play-services-mlkit-text-recognition:16.3.0] AndroidManifest.xml:14:17-82
226            <meta-data
226-->[com.google.mlkit:vision-common:16.5.0] AndroidManifest.xml:12:13-14:85
227                android:name="com.google.firebase.components:com.google.mlkit.vision.common.internal.VisionCommonRegistrar"
227-->[com.google.mlkit:vision-common:16.5.0] AndroidManifest.xml:13:17-124
228                android:value="com.google.firebase.components.ComponentRegistrar" />
228-->[com.google.mlkit:vision-common:16.5.0] AndroidManifest.xml:14:17-82
229            <meta-data
229-->[com.google.mlkit:common:17.2.0] AndroidManifest.xml:20:13-22:85
230                android:name="com.google.firebase.components:com.google.mlkit.common.internal.CommonComponentRegistrar"
230-->[com.google.mlkit:common:17.2.0] AndroidManifest.xml:21:17-120
231                android:value="com.google.firebase.components.ComponentRegistrar" />
231-->[com.google.mlkit:common:17.2.0] AndroidManifest.xml:22:17-82
232        </service>
233
234        <provider
234-->[com.google.mlkit:common:17.2.0] AndroidManifest.xml:9:9-13:38
235            android:name="com.google.mlkit.common.internal.MlKitInitProvider"
235-->[com.google.mlkit:common:17.2.0] AndroidManifest.xml:10:13-78
236            android:authorities="com.skripsikupon.mlkitinitprovider"
236-->[com.google.mlkit:common:17.2.0] AndroidManifest.xml:11:13-69
237            android:exported="false"
237-->[com.google.mlkit:common:17.2.0] AndroidManifest.xml:12:13-37
238            android:initOrder="99" />
238-->[com.google.mlkit:common:17.2.0] AndroidManifest.xml:13:13-35
239
240        <activity
240-->[com.google.android.gms:play-services-base:18.3.0] AndroidManifest.xml:20:9-22:45
241            android:name="com.google.android.gms.common.api.GoogleApiActivity"
241-->[com.google.android.gms:play-services-base:18.3.0] AndroidManifest.xml:20:19-85
242            android:exported="false"
242-->[com.google.android.gms:play-services-base:18.3.0] AndroidManifest.xml:22:19-43
243            android:theme="@android:style/Theme.Translucent.NoTitleBar" />
243-->[com.google.android.gms:play-services-base:18.3.0] AndroidManifest.xml:21:19-78
244
245        <meta-data
245-->[com.google.android.gms:play-services-basement:18.3.0] AndroidManifest.xml:21:9-23:69
246            android:name="com.google.android.gms.version"
246-->[com.google.android.gms:play-services-basement:18.3.0] AndroidManifest.xml:22:13-58
247            android:value="@integer/google_play_services_version" />
247-->[com.google.android.gms:play-services-basement:18.3.0] AndroidManifest.xml:23:13-66
248
249        <provider
249-->[androidx.emoji2:emoji2:1.2.0] AndroidManifest.xml:24:9-32:20
250            android:name="androidx.startup.InitializationProvider"
250-->[androidx.emoji2:emoji2:1.2.0] AndroidManifest.xml:25:13-67
251            android:authorities="com.skripsikupon.androidx-startup"
251-->[androidx.emoji2:emoji2:1.2.0] AndroidManifest.xml:26:13-68
252            android:exported="false" >
252-->[androidx.emoji2:emoji2:1.2.0] AndroidManifest.xml:27:13-37
253            <meta-data
253-->[androidx.emoji2:emoji2:1.2.0] AndroidManifest.xml:29:13-31:52
254                android:name="androidx.emoji2.text.EmojiCompatInitializer"
254-->[androidx.emoji2:emoji2:1.2.0] AndroidManifest.xml:30:17-75
255                android:value="androidx.startup" />
255-->[androidx.emoji2:emoji2:1.2.0] AndroidManifest.xml:31:17-49
256            <meta-data
256-->[androidx.lifecycle:lifecycle-process:2.4.1] AndroidManifest.xml:31:13-33:52
257                android:name="androidx.lifecycle.ProcessLifecycleInitializer"
257-->[androidx.lifecycle:lifecycle-process:2.4.1] AndroidManifest.xml:32:17-78
258                android:value="androidx.startup" />
258-->[androidx.lifecycle:lifecycle-process:2.4.1] AndroidManifest.xml:33:17-49
259        </provider>
260
261        <service
261-->[com.google.android.datatransport:transport-backend-cct:3.1.9] AndroidManifest.xml:28:9-34:19
262            android:name="com.google.android.datatransport.runtime.backends.TransportBackendDiscovery"